[0.012s] Invoking command in '/home/maav/SUAS_24-25/build/px4_ros_com': CMAKE_PREFIX_PATH=${CMAKE_PREFIX_PATH}:/opt/ros/humble /usr/bin/cmake --build /home/maav/SUAS_24-25/build/px4_ros_com -- -j8 -l8
[0.094s] [  8%] [32mBuilding CXX object CMakeFiles/offboard_control.dir/src/examples/offboard/offboard_control.cpp.o[0m
[0.098s] [ 25%] Built target frame_transforms
[0.102s] [ 41%] Built target vehicle_gps_position_listener
[0.103s] [ 75%] Built target offboard_control_srv
[0.104s] [ 75%] Built target sensor_combined_listener
[0.104s] [ 75%] Built target ament_cmake_python_copy_px4_ros_com
[0.104s] [ 91%] Built target debug_vect_advertiser
[0.392s] running egg_info
[0.416s] writing px4_ros_com.egg-info/PKG-INFO
[0.416s] writing dependency_links to px4_ros_com.egg-info/dependency_links.txt
[0.417s] writing top-level names to px4_ros_com.egg-info/top_level.txt
[0.487s] reading manifest file 'px4_ros_com.egg-info/SOURCES.txt'
[0.489s] writing manifest file 'px4_ros_com.egg-info/SOURCES.txt'
[0.544s] [ 91%] Built target ament_cmake_python_build_px4_ros_com_egg
[3.716s] [01m[K/home/maav/SUAS_24-25/software_ws/src/px4_ros_com/src/examples/offboard/offboard_control.cpp:64:2:[m[K [01;31m[Kerror: [m[Kexpected â€˜[01m[K;[m[Kâ€™ after struct definition
[3.716s]    64 | }
[3.716s]       |  [01;31m[K^[m[K
[3.716s]       |  [32m[K;[m[K
[3.814s] [01m[K/home/maav/SUAS_24-25/software_ws/src/px4_ros_com/src/examples/offboard/offboard_control.cpp:[m[K In function â€˜[01m[Kstd::vector<Point> read_waypoints(const string&)[m[Kâ€™:
[3.814s] [01m[K/home/maav/SUAS_24-25/software_ws/src/px4_ros_com/src/examples/offboard/offboard_control.cpp:248:33:[m[K [01;31m[Kerror: [m[Kvariable â€˜[01m[Kstd::ifstream file[m[Kâ€™ has initializer but incomplete type
[3.814s]   248 |     std::ifstream file(file_path[01;31m[K)[m[K;
[3.814s]       |                                 [01;31m[K^[m[K
[3.821s] [01m[K/home/maav/SUAS_24-25/software_ws/src/px4_ros_com/src/examples/offboard/offboard_control.cpp:273:13:[m[K [01;31m[Kerror: [m[Kâ€˜[01m[KROS_INFO[m[Kâ€™ was not declared in this scope
[3.822s]   273 |             [01;31m[KROS_INFO[m[K("Reading waypoints from txt file: x=%f, y=%f, z=%f", lat, lon, alt_ft);
[3.822s]       |             [01;31m[K^~~~~~~~[m[K
[3.828s] [01m[K/home/maav/SUAS_24-25/software_ws/src/px4_ros_com/src/examples/offboard/offboard_control.cpp:274:25:[m[K [01;31m[Kerror: [m[Kâ€˜[01m[Kgeodetic2Enu[m[Kâ€™ was not declared in this scope
[3.828s]   274 |                         [01;31m[Kgeodetic2Enu[m[K(lat, lon, alt_ft*.3048, &x, &y, &z);
[3.828s]       |                         [01;31m[K^~~~~~~~~~~~[m[K
[3.828s] [01m[K/home/maav/SUAS_24-25/software_ws/src/px4_ros_com/src/examples/offboard/offboard_control.cpp:256:22:[m[K [01;35m[Kwarning: [m[Kunused variable â€˜[01m[Ka[m[Kâ€™ [[01;35m[K]8;;https://gcc.gnu.org/onlinedocs/gcc/Warning-Options.html#index-Wunused-variable-Wunused-variable]8;;[m[K]
[3.828s]   256 |         const double [01;35m[Ka[m[K = 6378137.0;  // semi-major axis in meters
[3.828s]       |                      [01;35m[K^[m[K
[3.828s] [01m[K/home/maav/SUAS_24-25/software_ws/src/px4_ros_com/src/examples/offboard/offboard_control.cpp:257:22:[m[K [01;35m[Kwarning: [m[Kunused variable â€˜[01m[Kf[m[Kâ€™ [[01;35m[K]8;;https://gcc.gnu.org/onlinedocs/gcc/Warning-Options.html#index-Wunused-variable-Wunused-variable]8;;[m[K]
[3.828s]   257 |         const double [01;35m[Kf[m[K = 1.0 / 298.257223563;  // flattening
[3.828s]       |                      [01;35m[K^[m[K
[3.835s] [01m[K/home/maav/SUAS_24-25/software_ws/src/px4_ros_com/src/examples/offboard/offboard_control.cpp:283:9:[m[K [01;31m[Kerror: [m[Kâ€˜[01m[KROS_ERROR[m[Kâ€™ was not declared in this scope
[3.835s]   283 |         [01;31m[KROS_ERROR[m[K("Unable to open waypoints file");
[3.835s]       |         [01;31m[K^~~~~~~~~[m[K
[7.246s] In file included from [01m[K/home/maav/SUAS_24-25/software_ws/src/px4_ros_com/src/examples/offboard/offboard_control.cpp:50[m[K:
[7.246s] [01m[K/home/maav/SUAS_24-25/software_ws/src/px4_ros_com/src/examples/offboard/geodetic_conv.hpp:[m[K At global scope:
[7.247s] [01m[K/home/maav/SUAS_24-25/software_ws/src/px4_ros_com/src/examples/offboard/geodetic_conv.hpp:13:15:[m[K [01;35m[Kwarning: [m[Kâ€˜[01m[Kgeodetic_converter::kFlattening[m[Kâ€™ defined but not used [[01;35m[K]8;;https://gcc.gnu.org/onlinedocs/gcc/Warning-Options.html#index-Wunused-variable-Wunused-variable]8;;[m[K]
[7.247s]    13 | static double [01;35m[KkFlattening[m[K = 1 / 298.257223563;
[7.247s]       |               [01;35m[K^~~~~~~~~~~[m[K
[7.298s] gmake[2]: *** [CMakeFiles/offboard_control.dir/build.make:76: CMakeFiles/offboard_control.dir/src/examples/offboard/offboard_control.cpp.o] Error 1
[7.298s] gmake[1]: *** [CMakeFiles/Makefile2:254: CMakeFiles/offboard_control.dir/all] Error 2
[7.298s] gmake: *** [Makefile:146: all] Error 2
[7.301s] Invoked command in '/home/maav/SUAS_24-25/build/px4_ros_com' returned '2': CMAKE_PREFIX_PATH=${CMAKE_PREFIX_PATH}:/opt/ros/humble /usr/bin/cmake --build /home/maav/SUAS_24-25/build/px4_ros_com -- -j8 -l8
