[0.013s] Invoking command in '/home/maav/SUAS_24-25/build/px4_ros_com': CMAKE_PREFIX_PATH=${CMAKE_PREFIX_PATH}:/opt/ros/humble /usr/bin/cmake --build /home/maav/SUAS_24-25/build/px4_ros_com -- -j8 -l8
[0.082s] [35m[1mConsolidate compiler generated dependencies of target offboard_control[0m
[0.101s] [ 50%] Built target vehicle_gps_position_listener
[0.103s] [ 50%] Built target sensor_combined_listener
[0.103s] [ 41%] Built target frame_transforms
[0.104s] [ 66%] Built target debug_vect_advertiser
[0.107s] [ 66%] Built target ament_cmake_python_copy_px4_ros_com
[0.109s] [ 83%] Built target offboard_control_srv
[0.118s] [ 91%] [32mBuilding CXX object CMakeFiles/offboard_control.dir/src/examples/offboard/offboard_control.cpp.o[0m
[0.398s] running egg_info
[0.421s] writing px4_ros_com.egg-info/PKG-INFO
[0.422s] writing dependency_links to px4_ros_com.egg-info/dependency_links.txt
[0.422s] writing top-level names to px4_ros_com.egg-info/top_level.txt
[0.491s] reading manifest file 'px4_ros_com.egg-info/SOURCES.txt'
[0.492s] writing manifest file 'px4_ros_com.egg-info/SOURCES.txt'
[0.525s] [ 91%] Built target ament_cmake_python_build_px4_ros_com_egg
[3.852s] [01m[K/home/maav/SUAS_24-25/software_ws/src/px4_ros_com/src/examples/offboard/offboard_control.cpp:[m[K In function â€˜[01m[Kstd::vector<Point> read_waypoints(const string&)[m[Kâ€™:
[3.852s] [01m[K/home/maav/SUAS_24-25/software_ws/src/px4_ros_com/src/examples/offboard/offboard_control.cpp:277:25:[m[K [01;31m[Kerror: [m[Kâ€˜[01m[Kgeodetic_converter_[m[Kâ€™ was not declared in this scope; did you mean â€˜[01m[Kgeodetic_converter[m[Kâ€™?
[3.853s]   277 |                         [01;31m[Kgeodetic_converter_[m[K.geodetic2Enu(lat, lon, alt_ft*.3048, &x, &y, &z);
[3.853s]       |                         [01;31m[K^~~~~~~~~~~~~~~~~~~[m[K
[3.853s]       |                         [32m[Kgeodetic_converter[m[K
[3.853s] [01m[K/home/maav/SUAS_24-25/software_ws/src/px4_ros_com/src/examples/offboard/offboard_control.cpp:259:22:[m[K [01;35m[Kwarning: [m[Kunused variable â€˜[01m[Ka[m[Kâ€™ [[01;35m[K]8;;https://gcc.gnu.org/onlinedocs/gcc/Warning-Options.html#index-Wunused-variable-Wunused-variable]8;;[m[K]
[3.853s]   259 |         const double [01;35m[Ka[m[K = 6378137.0;  // semi-major axis in meters
[3.853s]       |                      [01;35m[K^[m[K
[3.853s] [01m[K/home/maav/SUAS_24-25/software_ws/src/px4_ros_com/src/examples/offboard/offboard_control.cpp:260:22:[m[K [01;35m[Kwarning: [m[Kunused variable â€˜[01m[Kf[m[Kâ€™ [[01;35m[K]8;;https://gcc.gnu.org/onlinedocs/gcc/Warning-Options.html#index-Wunused-variable-Wunused-variable]8;;[m[K]
[3.853s]   260 |         const double [01;35m[Kf[m[K = 1.0 / 298.257223563;  // flattening
[3.853s]       |                      [01;35m[K^[m[K
[7.252s] In file included from [01m[K/home/maav/SUAS_24-25/software_ws/src/px4_ros_com/src/examples/offboard/offboard_control.cpp:51[m[K:
[7.252s] [01m[K/home/maav/SUAS_24-25/software_ws/src/px4_ros_com/src/examples/offboard/geodetic_conv.hpp:[m[K At global scope:
[7.252s] [01m[K/home/maav/SUAS_24-25/software_ws/src/px4_ros_com/src/examples/offboard/geodetic_conv.hpp:13:15:[m[K [01;35m[Kwarning: [m[Kâ€˜[01m[Kgeodetic_converter::kFlattening[m[Kâ€™ defined but not used [[01;35m[K]8;;https://gcc.gnu.org/onlinedocs/gcc/Warning-Options.html#index-Wunused-variable-Wunused-variable]8;;[m[K]
[7.252s]    13 | static double [01;35m[KkFlattening[m[K = 1 / 298.257223563;
[7.252s]       |               [01;35m[K^~~~~~~~~~~[m[K
[7.307s] gmake[2]: *** [CMakeFiles/offboard_control.dir/build.make:76: CMakeFiles/offboard_control.dir/src/examples/offboard/offboard_control.cpp.o] Error 1
[7.307s] gmake[1]: *** [CMakeFiles/Makefile2:254: CMakeFiles/offboard_control.dir/all] Error 2
[7.307s] gmake: *** [Makefile:146: all] Error 2
[7.310s] Invoked command in '/home/maav/SUAS_24-25/build/px4_ros_com' returned '2': CMAKE_PREFIX_PATH=${CMAKE_PREFIX_PATH}:/opt/ros/humble /usr/bin/cmake --build /home/maav/SUAS_24-25/build/px4_ros_com -- -j8 -l8
