[0.013s] Invoking command in '/home/maav/SUAS_24-25/build/px4_ros_com': CMAKE_PREFIX_PATH=${CMAKE_PREFIX_PATH}:/opt/ros/humble /usr/bin/cmake --build /home/maav/SUAS_24-25/build/px4_ros_com -- -j8 -l8
[0.072s] [35m[1mConsolidate compiler generated dependencies of target vehicle_gps_position_listener[0m
[0.076s] [35m[1mConsolidate compiler generated dependencies of target frame_transforms[0m
[0.076s] [35m[1mConsolidate compiler generated dependencies of target debug_vect_advertiser[0m
[0.076s] [35m[1mConsolidate compiler generated dependencies of target sensor_combined_listener[0m
[0.076s] [35m[1mConsolidate compiler generated dependencies of target offboard_control_srv[0m
[0.098s] [  8%] [32mBuilding CXX object CMakeFiles/offboard_control.dir/src/examples/offboard/offboard_control.cpp.o[0m
[0.104s] [ 25%] Built target vehicle_gps_position_listener
[0.109s] [ 41%] Built target offboard_control_srv
[0.109s] [ 58%] Built target debug_vect_advertiser
[0.111s] [ 75%] Built target sensor_combined_listener
[0.113s] [ 91%] Built target frame_transforms
[0.114s] [ 91%] Built target ament_cmake_python_copy_px4_ros_com
[0.420s] running egg_info
[0.444s] writing px4_ros_com.egg-info/PKG-INFO
[0.445s] writing dependency_links to px4_ros_com.egg-info/dependency_links.txt
[0.445s] writing top-level names to px4_ros_com.egg-info/top_level.txt
[0.516s] reading manifest file 'px4_ros_com.egg-info/SOURCES.txt'
[0.518s] writing manifest file 'px4_ros_com.egg-info/SOURCES.txt'
[0.555s] [ 91%] Built target ament_cmake_python_build_px4_ros_com_egg
[0.578s] [01m[K/home/maav/SUAS_24-25/software_ws/src/px4_ros_com/src/examples/offboard/offboard_control.cpp:52:10:[m[K [01;31m[Kfatal error: [m[KGeographicLib/Geocentric.hpp: No such file or directory
[0.578s]    52 | #include [01;31m[K<GeographicLib/Geocentric.hpp>[m[K
[0.578s]       |          [01;31m[K^~~~~~~~~~~~~~~~~~~~~~~~~~~~~~[m[K
[0.578s] compilation terminated.
[0.582s] gmake[2]: *** [CMakeFiles/offboard_control.dir/build.make:76: CMakeFiles/offboard_control.dir/src/examples/offboard/offboard_control.cpp.o] Error 1
[0.582s] gmake[1]: *** [CMakeFiles/Makefile2:254: CMakeFiles/offboard_control.dir/all] Error 2
[0.583s] gmake: *** [Makefile:146: all] Error 2
[0.585s] Invoked command in '/home/maav/SUAS_24-25/build/px4_ros_com' returned '2': CMAKE_PREFIX_PATH=${CMAKE_PREFIX_PATH}:/opt/ros/humble /usr/bin/cmake --build /home/maav/SUAS_24-25/build/px4_ros_com -- -j8 -l8
